<?xml version="1.0" encoding="UTF-8"?>
<testsuite xmlns:xsi="http://www.w3.org/2001/XMLSchema-instance" xsi:noNamespaceSchemaLocation="https://maven.apache.org/surefire/maven-surefire-plugin/xsd/surefire-test-report-3.0.xsd" version="3.0" name="com.tuttur.test.LoginTest" time="154.941" tests="14" errors="1" skipped="0" failures="2">
  <properties>
    <property name="java.specification.version" value="15"/>
    <property name="sun.jnu.encoding" value="UTF-8"/>
    <property name="java.class.path" value="/Users/emresarikaya/webautomationls/target/test-classes:/Users/emresarikaya/webautomationls/target/classes:/Users/emresarikaya/.m2/repository/junit/junit/4.12/junit-4.12.jar:/Users/emresarikaya/.m2/repository/org/hamcrest/hamcrest-core/1.3/hamcrest-core-1.3.jar:/Users/emresarikaya/.m2/repository/org/apache/poi/poi/4.0.1/poi-4.0.1.jar:/Users/emresarikaya/.m2/repository/commons-codec/commons-codec/1.11/commons-codec-1.11.jar:/Users/emresarikaya/.m2/repository/org/apache/commons/commons-collections4/4.2/commons-collections4-4.2.jar:/Users/emresarikaya/.m2/repository/org/apache/commons/commons-math3/3.6.1/commons-math3-3.6.1.jar:/Users/emresarikaya/.m2/repository/org/apache/poi/poi-ooxml/4.0.1/poi-ooxml-4.0.1.jar:/Users/emresarikaya/.m2/repository/org/apache/poi/poi-ooxml-schemas/4.0.1/poi-ooxml-schemas-4.0.1.jar:/Users/emresarikaya/.m2/repository/org/apache/xmlbeans/xmlbeans/3.0.2/xmlbeans-3.0.2.jar:/Users/emresarikaya/.m2/repository/org/apache/commons/commons-compress/1.18/commons-compress-1.18.jar:/Users/emresarikaya/.m2/repository/com/github/virtuald/curvesapi/1.05/curvesapi-1.05.jar:/Users/emresarikaya/.m2/repository/com/opencsv/opencsv/5.2/opencsv-5.2.jar:/Users/emresarikaya/.m2/repository/org/apache/commons/commons-lang3/3.10/commons-lang3-3.10.jar:/Users/emresarikaya/.m2/repository/org/apache/commons/commons-text/1.8/commons-text-1.8.jar:/Users/emresarikaya/.m2/repository/commons-beanutils/commons-beanutils/1.9.4/commons-beanutils-1.9.4.jar:/Users/emresarikaya/.m2/repository/commons-logging/commons-logging/1.2/commons-logging-1.2.jar:/Users/emresarikaya/.m2/repository/commons-collections/commons-collections/3.2.2/commons-collections-3.2.2.jar:/Users/emresarikaya/.m2/repository/org/seleniumhq/selenium/selenium-java/3.141.59/selenium-java-3.141.59.jar:/Users/emresarikaya/.m2/repository/org/seleniumhq/selenium/selenium-api/3.141.59/selenium-api-3.141.59.jar:/Users/emresarikaya/.m2/repository/org/seleniumhq/selenium/selenium-chrome-driver/3.141.59/selenium-chrome-driver-3.141.59.jar:/Users/emresarikaya/.m2/repository/org/seleniumhq/selenium/selenium-edge-driver/3.141.59/selenium-edge-driver-3.141.59.jar:/Users/emresarikaya/.m2/repository/org/seleniumhq/selenium/selenium-firefox-driver/3.141.59/selenium-firefox-driver-3.141.59.jar:/Users/emresarikaya/.m2/repository/org/seleniumhq/selenium/selenium-ie-driver/3.141.59/selenium-ie-driver-3.141.59.jar:/Users/emresarikaya/.m2/repository/org/seleniumhq/selenium/selenium-opera-driver/3.141.59/selenium-opera-driver-3.141.59.jar:/Users/emresarikaya/.m2/repository/org/seleniumhq/selenium/selenium-safari-driver/3.141.59/selenium-safari-driver-3.141.59.jar:/Users/emresarikaya/.m2/repository/org/seleniumhq/selenium/selenium-support/3.141.59/selenium-support-3.141.59.jar:/Users/emresarikaya/.m2/repository/net/bytebuddy/byte-buddy/1.8.15/byte-buddy-1.8.15.jar:/Users/emresarikaya/.m2/repository/org/apache/commons/commons-exec/1.3/commons-exec-1.3.jar:/Users/emresarikaya/.m2/repository/com/google/guava/guava/25.0-jre/guava-25.0-jre.jar:/Users/emresarikaya/.m2/repository/com/google/code/findbugs/jsr305/1.3.9/jsr305-1.3.9.jar:/Users/emresarikaya/.m2/repository/org/checkerframework/checker-compat-qual/2.0.0/checker-compat-qual-2.0.0.jar:/Users/emresarikaya/.m2/repository/com/google/errorprone/error_prone_annotations/2.1.3/error_prone_annotations-2.1.3.jar:/Users/emresarikaya/.m2/repository/com/google/j2objc/j2objc-annotations/1.1/j2objc-annotations-1.1.jar:/Users/emresarikaya/.m2/repository/org/codehaus/mojo/animal-sniffer-annotations/1.14/animal-sniffer-annotations-1.14.jar:/Users/emresarikaya/.m2/repository/com/squareup/okhttp3/okhttp/3.11.0/okhttp-3.11.0.jar:/Users/emresarikaya/.m2/repository/com/squareup/okio/okio/1.14.0/okio-1.14.0.jar:/Users/emresarikaya/.m2/repository/org/postgresql/postgresql/9.4-1200-jdbc41/postgresql-9.4-1200-jdbc41.jar:/Users/emresarikaya/.m2/repository/com/github/dblock/waffle/waffle-jna/1.7/waffle-jna-1.7.jar:/Users/emresarikaya/.m2/repository/net/java/dev/jna/jna/4.1.0/jna-4.1.0.jar:/Users/emresarikaya/.m2/repository/net/java/dev/jna/jna-platform/4.1.0/jna-platform-4.1.0.jar:/Users/emresarikaya/.m2/repository/org/slf4j/slf4j-api/1.7.7/slf4j-api-1.7.7.jar:/Users/emresarikaya/.m2/repository/org/slf4j/slf4j-simple/1.7.7/slf4j-simple-1.7.7.jar:/Users/emresarikaya/.m2/repository/io/rest-assured/rest-assured/4.1.2/rest-assured-4.1.2.jar:/Users/emresarikaya/.m2/repository/org/codehaus/groovy/groovy/2.5.8/groovy-2.5.8.jar:/Users/emresarikaya/.m2/repository/org/codehaus/groovy/groovy-xml/2.5.8/groovy-xml-2.5.8.jar:/Users/emresarikaya/.m2/repository/org/apache/httpcomponents/httpclient/4.5.3/httpclient-4.5.3.jar:/Users/emresarikaya/.m2/repository/org/apache/httpcomponents/httpcore/4.4.6/httpcore-4.4.6.jar:/Users/emresarikaya/.m2/repository/org/apache/httpcomponents/httpmime/4.5.3/httpmime-4.5.3.jar:/Users/emresarikaya/.m2/repository/org/hamcrest/hamcrest/2.1/hamcrest-2.1.jar:/Users/emresarikaya/.m2/repository/org/ccil/cowan/tagsoup/tagsoup/1.2.1/tagsoup-1.2.1.jar:/Users/emresarikaya/.m2/repository/io/rest-assured/json-path/4.1.2/json-path-4.1.2.jar:/Users/emresarikaya/.m2/repository/org/codehaus/groovy/groovy-json/2.5.8/groovy-json-2.5.8.jar:/Users/emresarikaya/.m2/repository/io/rest-assured/rest-assured-common/4.1.2/rest-assured-common-4.1.2.jar:/Users/emresarikaya/.m2/repository/io/rest-assured/xml-path/4.1.2/xml-path-4.1.2.jar:/Users/emresarikaya/.m2/repository/javax/xml/bind/jaxb-api/2.3.1/jaxb-api-2.3.1.jar:/Users/emresarikaya/.m2/repository/javax/activation/javax.activation-api/1.2.0/javax.activation-api-1.2.0.jar:/Users/emresarikaya/.m2/repository/com/sun/xml/bind/jaxb-osgi/2.3.0.1/jaxb-osgi-2.3.0.1.jar:/Users/emresarikaya/.m2/repository/org/apache/sling/org.apache.sling.javax.activation/0.1.0/org.apache.sling.javax.activation-0.1.0.jar:/Users/emresarikaya/.m2/repository/javax/activation/activation/1.1.1/activation-1.1.1.jar:/Users/emresarikaya/.m2/repository/org/json/json/20190722/json-20190722.jar:/Users/emresarikaya/.m2/repository/org/seleniumhq/selenium/selenium-remote-driver/3.141.59/selenium-remote-driver-3.141.59.jar:/Users/emresarikaya/.m2/repository/org/apache/maven/plugins/maven-surefire-report-plugin/2.22.0/maven-surefire-report-plugin-2.22.0.jar:/Users/emresarikaya/.m2/repository/org/apache/maven/maven-project/2.2.1/maven-project-2.2.1.jar:/Users/emresarikaya/.m2/repository/org/apache/maven/maven-settings/2.2.1/maven-settings-2.2.1.jar:/Users/emresarikaya/.m2/repository/org/apache/maven/maven-profile/2.2.1/maven-profile-2.2.1.jar:/Users/emresarikaya/.m2/repository/org/apache/maven/maven-artifact-manager/2.2.1/maven-artifact-manager-2.2.1.jar:/Users/emresarikaya/.m2/repository/org/apache/maven/maven-repository-metadata/2.2.1/maven-repository-metadata-2.2.1.jar:/Users/emresarikaya/.m2/repository/org/apache/maven/wagon/wagon-provider-api/1.0-beta-6/wagon-provider-api-1.0-beta-6.jar:/Users/emresarikaya/.m2/repository/backport-util-concurrent/backport-util-concurrent/3.1/backport-util-concurrent-3.1.jar:/Users/emresarikaya/.m2/repository/org/apache/maven/maven-plugin-registry/2.2.1/maven-plugin-registry-2.2.1.jar:/Users/emresarikaya/.m2/repository/org/codehaus/plexus/plexus-interpolation/1.11/plexus-interpolation-1.11.jar:/Users/emresarikaya/.m2/repository/org/apache/maven/maven-artifact/2.2.1/maven-artifact-2.2.1.jar:/Users/emresarikaya/.m2/repository/org/codehaus/plexus/plexus-container-default/1.0-alpha-9-stable-1/plexus-container-default-1.0-alpha-9-stable-1.jar:/Users/emresarikaya/.m2/repository/classworlds/classworlds/1.1-alpha-2/classworlds-1.1-alpha-2.jar:/Users/emresarikaya/.m2/repository/org/apache/maven/maven-model/2.2.1/maven-model-2.2.1.jar:/Users/emresarikaya/.m2/repository/org/apache/maven/maven-plugin-api/2.2.1/maven-plugin-api-2.2.1.jar:/Users/emresarikaya/.m2/repository/org/apache/maven/plugin-tools/maven-plugin-annotations/3.5/maven-plugin-annotations-3.5.jar:/Users/emresarikaya/.m2/repository/org/apache/maven/surefire/surefire-report-parser/2.22.0/surefire-report-parser-2.22.0.jar:/Users/emresarikaya/.m2/repository/org/apache/maven/surefire/surefire-logger-api/2.22.0/surefire-logger-api-2.22.0.jar:/Users/emresarikaya/.m2/repository/org/apache/maven/reporting/maven-reporting-api/3.0/maven-reporting-api-3.0.jar:/Users/emresarikaya/.m2/repository/org/apache/maven/reporting/maven-reporting-impl/2.4/maven-reporting-impl-2.4.jar:/Users/emresarikaya/.m2/repository/org/apache/maven/shared/maven-shared-utils/0.6/maven-shared-utils-0.6.jar:/Users/emresarikaya/.m2/repository/org/apache/maven/doxia/doxia-sink-api/1.6/doxia-sink-api-1.6.jar:/Users/emresarikaya/.m2/repository/org/apache/maven/doxia/doxia-core/1.6/doxia-core-1.6.jar:/Users/emresarikaya/.m2/repository/xerces/xercesImpl/2.9.1/xercesImpl-2.9.1.jar:/Users/emresarikaya/.m2/repository/xml-apis/xml-apis/1.3.04/xml-apis-1.3.04.jar:/Users/emresarikaya/.m2/repository/commons-lang/commons-lang/2.4/commons-lang-2.4.jar:/Users/emresarikaya/.m2/repository/xmlunit/xmlunit/1.5/xmlunit-1.5.jar:/Users/emresarikaya/.m2/repository/commons-validator/commons-validator/1.4.1/commons-validator-1.4.1.jar:/Users/emresarikaya/.m2/repository/commons-digester/commons-digester/1.8.1/commons-digester-1.8.1.jar:/Users/emresarikaya/.m2/repository/org/apache/maven/doxia/doxia-site-renderer/1.6/doxia-site-renderer-1.6.jar:/Users/emresarikaya/.m2/repository/org/apache/maven/doxia/doxia-logging-api/1.6/doxia-logging-api-1.6.jar:/Users/emresarikaya/.m2/repository/org/apache/maven/doxia/doxia-decoration-model/1.6/doxia-decoration-model-1.6.jar:/Users/emresarikaya/.m2/repository/org/apache/maven/doxia/doxia-module-xhtml/1.6/doxia-module-xhtml-1.6.jar:/Users/emresarikaya/.m2/repository/org/apache/maven/doxia/doxia-module-fml/1.6/doxia-module-fml-1.6.jar:/Users/emresarikaya/.m2/repository/org/codehaus/plexus/plexus-i18n/1.0-beta-7/plexus-i18n-1.0-beta-7.jar:/Users/emresarikaya/.m2/repository/org/codehaus/plexus/plexus-velocity/1.1.7/plexus-velocity-1.1.7.jar:/Users/emresarikaya/.m2/repository/org/apache/velocity/velocity/1.5/velocity-1.5.jar:/Users/emresarikaya/.m2/repository/oro/oro/2.0.8/oro-2.0.8.jar:/Users/emresarikaya/.m2/repository/org/apache/velocity/velocity-tools/2.0/velocity-tools-2.0.jar:/Users/emresarikaya/.m2/repository/commons-chain/commons-chain/1.1/commons-chain-1.1.jar:/Users/emresarikaya/.m2/repository/dom4j/dom4j/1.1/dom4j-1.1.jar:/Users/emresarikaya/.m2/repository/sslext/sslext/1.2-0/sslext-1.2-0.jar:/Users/emresarikaya/.m2/repository/org/apache/struts/struts-core/1.3.8/struts-core-1.3.8.jar:/Users/emresarikaya/.m2/repository/antlr/antlr/2.7.2/antlr-2.7.2.jar:/Users/emresarikaya/.m2/repository/org/apache/struts/struts-taglib/1.3.8/struts-taglib-1.3.8.jar:/Users/emresarikaya/.m2/repository/org/apache/struts/struts-tiles/1.3.8/struts-tiles-1.3.8.jar:/Users/emresarikaya/.m2/repository/org/codehaus/plexus/plexus-component-annotations/1.5.5/plexus-component-annotations-1.5.5.jar:/Users/emresarikaya/.m2/repository/org/codehaus/plexus/plexus-utils/3.0.15/plexus-utils-3.0.15.jar:/Users/emresarikaya/.m2/repository/org/jetbrains/annotations/22.0.0/annotations-22.0.0.jar:"/>
    <property name="java.vm.vendor" value="Oracle Corporation"/>
    <property name="sun.arch.data.model" value="64"/>
    <property name="java.vendor.url" value="https://java.oracle.com/"/>
    <property name="os.name" value="Mac OS X"/>
    <property name="java.vm.specification.version" value="15"/>
    <property name="sun.java.launcher" value="SUN_STANDARD"/>
    <property name="user.country" value="TR"/>
    <property name="sun.boot.library.path" value="/Library/Java/JavaVirtualMachines/jdk-15.0.1.jdk/Contents/Home/lib"/>
    <property name="sun.java.command" value="/Users/emresarikaya/webautomationls/target/surefire/surefirebooter372064996616476631.jar /Users/emresarikaya/webautomationls/target/surefire 2021-09-02T18-21-32_803-jvmRun1 surefire16776865675987435323tmp surefire_05976941252409446849tmp"/>
    <property name="jdk.debug" value="release"/>
    <property name="test" value="test.LoginTest"/>
    <property name="surefire.test.class.path" value="/Users/emresarikaya/webautomationls/target/test-classes:/Users/emresarikaya/webautomationls/target/classes:/Users/emresarikaya/.m2/repository/junit/junit/4.12/junit-4.12.jar:/Users/emresarikaya/.m2/repository/org/hamcrest/hamcrest-core/1.3/hamcrest-core-1.3.jar:/Users/emresarikaya/.m2/repository/org/apache/poi/poi/4.0.1/poi-4.0.1.jar:/Users/emresarikaya/.m2/repository/commons-codec/commons-codec/1.11/commons-codec-1.11.jar:/Users/emresarikaya/.m2/repository/org/apache/commons/commons-collections4/4.2/commons-collections4-4.2.jar:/Users/emresarikaya/.m2/repository/org/apache/commons/commons-math3/3.6.1/commons-math3-3.6.1.jar:/Users/emresarikaya/.m2/repository/org/apache/poi/poi-ooxml/4.0.1/poi-ooxml-4.0.1.jar:/Users/emresarikaya/.m2/repository/org/apache/poi/poi-ooxml-schemas/4.0.1/poi-ooxml-schemas-4.0.1.jar:/Users/emresarikaya/.m2/repository/org/apache/xmlbeans/xmlbeans/3.0.2/xmlbeans-3.0.2.jar:/Users/emresarikaya/.m2/repository/org/apache/commons/commons-compress/1.18/commons-compress-1.18.jar:/Users/emresarikaya/.m2/repository/com/github/virtuald/curvesapi/1.05/curvesapi-1.05.jar:/Users/emresarikaya/.m2/repository/com/opencsv/opencsv/5.2/opencsv-5.2.jar:/Users/emresarikaya/.m2/repository/org/apache/commons/commons-lang3/3.10/commons-lang3-3.10.jar:/Users/emresarikaya/.m2/repository/org/apache/commons/commons-text/1.8/commons-text-1.8.jar:/Users/emresarikaya/.m2/repository/commons-beanutils/commons-beanutils/1.9.4/commons-beanutils-1.9.4.jar:/Users/emresarikaya/.m2/repository/commons-logging/commons-logging/1.2/commons-logging-1.2.jar:/Users/emresarikaya/.m2/repository/commons-collections/commons-collections/3.2.2/commons-collections-3.2.2.jar:/Users/emresarikaya/.m2/repository/org/seleniumhq/selenium/selenium-java/3.141.59/selenium-java-3.141.59.jar:/Users/emresarikaya/.m2/repository/org/seleniumhq/selenium/selenium-api/3.141.59/selenium-api-3.141.59.jar:/Users/emresarikaya/.m2/repository/org/seleniumhq/selenium/selenium-chrome-driver/3.141.59/selenium-chrome-driver-3.141.59.jar:/Users/emresarikaya/.m2/repository/org/seleniumhq/selenium/selenium-edge-driver/3.141.59/selenium-edge-driver-3.141.59.jar:/Users/emresarikaya/.m2/repository/org/seleniumhq/selenium/selenium-firefox-driver/3.141.59/selenium-firefox-driver-3.141.59.jar:/Users/emresarikaya/.m2/repository/org/seleniumhq/selenium/selenium-ie-driver/3.141.59/selenium-ie-driver-3.141.59.jar:/Users/emresarikaya/.m2/repository/org/seleniumhq/selenium/selenium-opera-driver/3.141.59/selenium-opera-driver-3.141.59.jar:/Users/emresarikaya/.m2/repository/org/seleniumhq/selenium/selenium-safari-driver/3.141.59/selenium-safari-driver-3.141.59.jar:/Users/emresarikaya/.m2/repository/org/seleniumhq/selenium/selenium-support/3.141.59/selenium-support-3.141.59.jar:/Users/emresarikaya/.m2/repository/net/bytebuddy/byte-buddy/1.8.15/byte-buddy-1.8.15.jar:/Users/emresarikaya/.m2/repository/org/apache/commons/commons-exec/1.3/commons-exec-1.3.jar:/Users/emresarikaya/.m2/repository/com/google/guava/guava/25.0-jre/guava-25.0-jre.jar:/Users/emresarikaya/.m2/repository/com/google/code/findbugs/jsr305/1.3.9/jsr305-1.3.9.jar:/Users/emresarikaya/.m2/repository/org/checkerframework/checker-compat-qual/2.0.0/checker-compat-qual-2.0.0.jar:/Users/emresarikaya/.m2/repository/com/google/errorprone/error_prone_annotations/2.1.3/error_prone_annotations-2.1.3.jar:/Users/emresarikaya/.m2/repository/com/google/j2objc/j2objc-annotations/1.1/j2objc-annotations-1.1.jar:/Users/emresarikaya/.m2/repository/org/codehaus/mojo/animal-sniffer-annotations/1.14/animal-sniffer-annotations-1.14.jar:/Users/emresarikaya/.m2/repository/com/squareup/okhttp3/okhttp/3.11.0/okhttp-3.11.0.jar:/Users/emresarikaya/.m2/repository/com/squareup/okio/okio/1.14.0/okio-1.14.0.jar:/Users/emresarikaya/.m2/repository/org/postgresql/postgresql/9.4-1200-jdbc41/postgresql-9.4-1200-jdbc41.jar:/Users/emresarikaya/.m2/repository/com/github/dblock/waffle/waffle-jna/1.7/waffle-jna-1.7.jar:/Users/emresarikaya/.m2/repository/net/java/dev/jna/jna/4.1.0/jna-4.1.0.jar:/Users/emresarikaya/.m2/repository/net/java/dev/jna/jna-platform/4.1.0/jna-platform-4.1.0.jar:/Users/emresarikaya/.m2/repository/org/slf4j/slf4j-api/1.7.7/slf4j-api-1.7.7.jar:/Users/emresarikaya/.m2/repository/org/slf4j/slf4j-simple/1.7.7/slf4j-simple-1.7.7.jar:/Users/emresarikaya/.m2/repository/io/rest-assured/rest-assured/4.1.2/rest-assured-4.1.2.jar:/Users/emresarikaya/.m2/repository/org/codehaus/groovy/groovy/2.5.8/groovy-2.5.8.jar:/Users/emresarikaya/.m2/repository/org/codehaus/groovy/groovy-xml/2.5.8/groovy-xml-2.5.8.jar:/Users/emresarikaya/.m2/repository/org/apache/httpcomponents/httpclient/4.5.3/httpclient-4.5.3.jar:/Users/emresarikaya/.m2/repository/org/apache/httpcomponents/httpcore/4.4.6/httpcore-4.4.6.jar:/Users/emresarikaya/.m2/repository/org/apache/httpcomponents/httpmime/4.5.3/httpmime-4.5.3.jar:/Users/emresarikaya/.m2/repository/org/hamcrest/hamcrest/2.1/hamcrest-2.1.jar:/Users/emresarikaya/.m2/repository/org/ccil/cowan/tagsoup/tagsoup/1.2.1/tagsoup-1.2.1.jar:/Users/emresarikaya/.m2/repository/io/rest-assured/json-path/4.1.2/json-path-4.1.2.jar:/Users/emresarikaya/.m2/repository/org/codehaus/groovy/groovy-json/2.5.8/groovy-json-2.5.8.jar:/Users/emresarikaya/.m2/repository/io/rest-assured/rest-assured-common/4.1.2/rest-assured-common-4.1.2.jar:/Users/emresarikaya/.m2/repository/io/rest-assured/xml-path/4.1.2/xml-path-4.1.2.jar:/Users/emresarikaya/.m2/repository/javax/xml/bind/jaxb-api/2.3.1/jaxb-api-2.3.1.jar:/Users/emresarikaya/.m2/repository/javax/activation/javax.activation-api/1.2.0/javax.activation-api-1.2.0.jar:/Users/emresarikaya/.m2/repository/com/sun/xml/bind/jaxb-osgi/2.3.0.1/jaxb-osgi-2.3.0.1.jar:/Users/emresarikaya/.m2/repository/org/apache/sling/org.apache.sling.javax.activation/0.1.0/org.apache.sling.javax.activation-0.1.0.jar:/Users/emresarikaya/.m2/repository/javax/activation/activation/1.1.1/activation-1.1.1.jar:/Users/emresarikaya/.m2/repository/org/json/json/20190722/json-20190722.jar:/Users/emresarikaya/.m2/repository/org/seleniumhq/selenium/selenium-remote-driver/3.141.59/selenium-remote-driver-3.141.59.jar:/Users/emresarikaya/.m2/repository/org/apache/maven/plugins/maven-surefire-report-plugin/2.22.0/maven-surefire-report-plugin-2.22.0.jar:/Users/emresarikaya/.m2/repository/org/apache/maven/maven-project/2.2.1/maven-project-2.2.1.jar:/Users/emresarikaya/.m2/repository/org/apache/maven/maven-settings/2.2.1/maven-settings-2.2.1.jar:/Users/emresarikaya/.m2/repository/org/apache/maven/maven-profile/2.2.1/maven-profile-2.2.1.jar:/Users/emresarikaya/.m2/repository/org/apache/maven/maven-artifact-manager/2.2.1/maven-artifact-manager-2.2.1.jar:/Users/emresarikaya/.m2/repository/org/apache/maven/maven-repository-metadata/2.2.1/maven-repository-metadata-2.2.1.jar:/Users/emresarikaya/.m2/repository/org/apache/maven/wagon/wagon-provider-api/1.0-beta-6/wagon-provider-api-1.0-beta-6.jar:/Users/emresarikaya/.m2/repository/backport-util-concurrent/backport-util-concurrent/3.1/backport-util-concurrent-3.1.jar:/Users/emresarikaya/.m2/repository/org/apache/maven/maven-plugin-registry/2.2.1/maven-plugin-registry-2.2.1.jar:/Users/emresarikaya/.m2/repository/org/codehaus/plexus/plexus-interpolation/1.11/plexus-interpolation-1.11.jar:/Users/emresarikaya/.m2/repository/org/apache/maven/maven-artifact/2.2.1/maven-artifact-2.2.1.jar:/Users/emresarikaya/.m2/repository/org/codehaus/plexus/plexus-container-default/1.0-alpha-9-stable-1/plexus-container-default-1.0-alpha-9-stable-1.jar:/Users/emresarikaya/.m2/repository/classworlds/classworlds/1.1-alpha-2/classworlds-1.1-alpha-2.jar:/Users/emresarikaya/.m2/repository/org/apache/maven/maven-model/2.2.1/maven-model-2.2.1.jar:/Users/emresarikaya/.m2/repository/org/apache/maven/maven-plugin-api/2.2.1/maven-plugin-api-2.2.1.jar:/Users/emresarikaya/.m2/repository/org/apache/maven/plugin-tools/maven-plugin-annotations/3.5/maven-plugin-annotations-3.5.jar:/Users/emresarikaya/.m2/repository/org/apache/maven/surefire/surefire-report-parser/2.22.0/surefire-report-parser-2.22.0.jar:/Users/emresarikaya/.m2/repository/org/apache/maven/surefire/surefire-logger-api/2.22.0/surefire-logger-api-2.22.0.jar:/Users/emresarikaya/.m2/repository/org/apache/maven/reporting/maven-reporting-api/3.0/maven-reporting-api-3.0.jar:/Users/emresarikaya/.m2/repository/org/apache/maven/reporting/maven-reporting-impl/2.4/maven-reporting-impl-2.4.jar:/Users/emresarikaya/.m2/repository/org/apache/maven/shared/maven-shared-utils/0.6/maven-shared-utils-0.6.jar:/Users/emresarikaya/.m2/repository/org/apache/maven/doxia/doxia-sink-api/1.6/doxia-sink-api-1.6.jar:/Users/emresarikaya/.m2/repository/org/apache/maven/doxia/doxia-core/1.6/doxia-core-1.6.jar:/Users/emresarikaya/.m2/repository/xerces/xercesImpl/2.9.1/xercesImpl-2.9.1.jar:/Users/emresarikaya/.m2/repository/xml-apis/xml-apis/1.3.04/xml-apis-1.3.04.jar:/Users/emresarikaya/.m2/repository/commons-lang/commons-lang/2.4/commons-lang-2.4.jar:/Users/emresarikaya/.m2/repository/xmlunit/xmlunit/1.5/xmlunit-1.5.jar:/Users/emresarikaya/.m2/repository/commons-validator/commons-validator/1.4.1/commons-validator-1.4.1.jar:/Users/emresarikaya/.m2/repository/commons-digester/commons-digester/1.8.1/commons-digester-1.8.1.jar:/Users/emresarikaya/.m2/repository/org/apache/maven/doxia/doxia-site-renderer/1.6/doxia-site-renderer-1.6.jar:/Users/emresarikaya/.m2/repository/org/apache/maven/doxia/doxia-logging-api/1.6/doxia-logging-api-1.6.jar:/Users/emresarikaya/.m2/repository/org/apache/maven/doxia/doxia-decoration-model/1.6/doxia-decoration-model-1.6.jar:/Users/emresarikaya/.m2/repository/org/apache/maven/doxia/doxia-module-xhtml/1.6/doxia-module-xhtml-1.6.jar:/Users/emresarikaya/.m2/repository/org/apache/maven/doxia/doxia-module-fml/1.6/doxia-module-fml-1.6.jar:/Users/emresarikaya/.m2/repository/org/codehaus/plexus/plexus-i18n/1.0-beta-7/plexus-i18n-1.0-beta-7.jar:/Users/emresarikaya/.m2/repository/org/codehaus/plexus/plexus-velocity/1.1.7/plexus-velocity-1.1.7.jar:/Users/emresarikaya/.m2/repository/org/apache/velocity/velocity/1.5/velocity-1.5.jar:/Users/emresarikaya/.m2/repository/oro/oro/2.0.8/oro-2.0.8.jar:/Users/emresarikaya/.m2/repository/org/apache/velocity/velocity-tools/2.0/velocity-tools-2.0.jar:/Users/emresarikaya/.m2/repository/commons-chain/commons-chain/1.1/commons-chain-1.1.jar:/Users/emresarikaya/.m2/repository/dom4j/dom4j/1.1/dom4j-1.1.jar:/Users/emresarikaya/.m2/repository/sslext/sslext/1.2-0/sslext-1.2-0.jar:/Users/emresarikaya/.m2/repository/org/apache/struts/struts-core/1.3.8/struts-core-1.3.8.jar:/Users/emresarikaya/.m2/repository/antlr/antlr/2.7.2/antlr-2.7.2.jar:/Users/emresarikaya/.m2/repository/org/apache/struts/struts-taglib/1.3.8/struts-taglib-1.3.8.jar:/Users/emresarikaya/.m2/repository/org/apache/struts/struts-tiles/1.3.8/struts-tiles-1.3.8.jar:/Users/emresarikaya/.m2/repository/org/codehaus/plexus/plexus-component-annotations/1.5.5/plexus-component-annotations-1.5.5.jar:/Users/emresarikaya/.m2/repository/org/codehaus/plexus/plexus-utils/3.0.15/plexus-utils-3.0.15.jar:/Users/emresarikaya/.m2/repository/org/jetbrains/annotations/22.0.0/annotations-22.0.0.jar:"/>
    <property name="sun.cpu.endian" value="little"/>
    <property name="user.home" value="/Users/emresarikaya"/>
    <property name="user.language" value="tr"/>
    <property name="java.specification.vendor" value="Oracle Corporation"/>
    <property name="java.version.date" value="2020-10-20"/>
    <property name="java.home" value="/Library/Java/JavaVirtualMachines/jdk-15.0.1.jdk/Contents/Home"/>
    <property name="file.separator" value="/"/>
    <property name="basedir" value="/Users/emresarikaya/webautomationls"/>
    <property name="java.vm.compressedOopsMode" value="Zero based"/>
    <property name="line.separator" value="&#10;"/>
    <property name="java.vm.specification.vendor" value="Oracle Corporation"/>
    <property name="java.specification.name" value="Java Platform API Specification"/>
    <property name="surefire.real.class.path" value="/Users/emresarikaya/webautomationls/target/surefire/surefirebooter372064996616476631.jar"/>
    <property name="sun.management.compiler" value="HotSpot 64-Bit Tiered Compilers"/>
    <property name="java.runtime.version" value="15.0.1+9-18"/>
    <property name="user.name" value="emresarikaya"/>
    <property name="path.separator" value=":"/>
    <property name="os.version" value="10.15.6"/>
    <property name="java.runtime.name" value="Java(TM) SE Runtime Environment"/>
    <property name="file.encoding" value="UTF-8"/>
    <property name="java.vm.name" value="Java HotSpot(TM) 64-Bit Server VM"/>
    <property name="localRepository" value="/Users/emresarikaya/.m2/repository"/>
    <property name="java.vendor.url.bug" value="https://bugreport.java.com/bugreport/"/>
    <property name="java.io.tmpdir" value="/var/folders/1x/8x61f40j2n7_11jkwpwws0gh0000gn/T/"/>
    <property name="java.version" value="15.0.1"/>
    <property name="user.dir" value="/Users/emresarikaya/webautomationls"/>
    <property name="os.arch" value="x86_64"/>
    <property name="java.vm.specification.name" value="Java Virtual Machine Specification"/>
    <property name="java.library.path" value="/Users/emresarikaya/Library/Java/Extensions:/Library/Java/Extensions:/Network/Library/Java/Extensions:/System/Library/Java/Extensions:/usr/lib/java:."/>
    <property name="java.vm.info" value="mixed mode, sharing"/>
    <property name="java.vendor" value="Oracle Corporation"/>
    <property name="java.vm.version" value="15.0.1+9-18"/>
    <property name="sun.io.unicode.encoding" value="UnicodeBig"/>
    <property name="java.class.version" value="59.0"/>
  </properties>
  <testcase name="successfullyLoginWithUsername" classname="com.tuttur.test.LoginTest" time="11.392">
    <failure message="Kullanıcı adı doğru değil" type="java.lang.AssertionError"><![CDATA[java.lang.AssertionError: Kullanıcı adı doğru değil
	at com.tuttur.test.LoginTest.successfullyLoginWithUsername(LoginTest.java:54)
]]></failure>
    <system-out><![CDATA[chrome
]]></system-out>
    <system-err><![CDATA[Starting ChromeDriver 72.0.3626.7 (efcef9a3ecda02b2132af215116a03852d08b9cb) on port 6689
Only local connections are allowed.
Eyl 02, 2021 6:21:35 ÖS org.openqa.selenium.remote.ProtocolHandshake createSession
INFO: Detected dialect: OSS
]]></system-err>
  </testcase>
  <testcase name="unsuccessfullyLoginWithEmail" classname="com.tuttur.test.LoginTest" time="7.654">
    <system-out><![CDATA[chrome
]]></system-out>
    <system-err><![CDATA[Starting ChromeDriver 72.0.3626.7 (efcef9a3ecda02b2132af215116a03852d08b9cb) on port 10538
Only local connections are allowed.
Eyl 02, 2021 6:21:45 ÖS org.openqa.selenium.remote.ProtocolHandshake createSession
INFO: Detected dialect: OSS
]]></system-err>
  </testcase>
  <testcase name="loginInputMessageControl" classname="com.tuttur.test.LoginTest" time="13.011">
    <system-out><![CDATA[chrome
]]></system-out>
    <system-err><![CDATA[Starting ChromeDriver 72.0.3626.7 (efcef9a3ecda02b2132af215116a03852d08b9cb) on port 32963
Only local connections are allowed.
Eyl 02, 2021 6:21:53 ÖS org.openqa.selenium.remote.ProtocolHandshake createSession
INFO: Detected dialect: OSS
]]></system-err>
  </testcase>
  <testcase name="unsuccessfullyLoginWithPassword" classname="com.tuttur.test.LoginTest" time="8.075">
    <system-out><![CDATA[chrome
]]></system-out>
    <system-err><![CDATA[Starting ChromeDriver 72.0.3626.7 (efcef9a3ecda02b2132af215116a03852d08b9cb) on port 6653
Only local connections are allowed.
Eyl 02, 2021 6:22:06 ÖS org.openqa.selenium.remote.ProtocolHandshake createSession
INFO: Detected dialect: OSS
]]></system-err>
  </testcase>
  <testcase name="loginInputMaxValueControl" classname="com.tuttur.test.LoginTest" time="7.421">
    <system-out><![CDATA[chrome
]]></system-out>
    <system-err><![CDATA[Starting ChromeDriver 72.0.3626.7 (efcef9a3ecda02b2132af215116a03852d08b9cb) on port 46655
Only local connections are allowed.
Eyl 02, 2021 6:22:14 ÖS org.openqa.selenium.remote.ProtocolHandshake createSession
INFO: Detected dialect: OSS
]]></system-err>
  </testcase>
  <testcase name="unsuccessfullyLoginWithPhoneNumber" classname="com.tuttur.test.LoginTest" time="6.919">
    <system-out><![CDATA[chrome
]]></system-out>
    <system-err><![CDATA[Starting ChromeDriver 72.0.3626.7 (efcef9a3ecda02b2132af215116a03852d08b9cb) on port 32987
Only local connections are allowed.
Eyl 02, 2021 6:22:22 ÖS org.openqa.selenium.remote.ProtocolHandshake createSession
INFO: Detected dialect: OSS
]]></system-err>
  </testcase>
  <testcase name="successfullyLoginWithAccountNo" classname="com.tuttur.test.LoginTest" time="8.185">
    <failure message="Account numarası doğru değil" type="java.lang.AssertionError"><![CDATA[java.lang.AssertionError: Account numarası doğru değil
	at com.tuttur.test.LoginTest.successfullyLoginWithAccountNo(LoginTest.java:37)
]]></failure>
    <system-out><![CDATA[chrome
]]></system-out>
    <system-err><![CDATA[Starting ChromeDriver 72.0.3626.7 (efcef9a3ecda02b2132af215116a03852d08b9cb) on port 45096
Only local connections are allowed.
Eyl 02, 2021 6:22:29 ÖS org.openqa.selenium.remote.ProtocolHandshake createSession
INFO: Detected dialect: OSS
]]></system-err>
  </testcase>
  <testcase name="loginWithMissingInfo" classname="com.tuttur.test.LoginTest" time="6.718">
    <system-out><![CDATA[chrome
]]></system-out>
    <system-err><![CDATA[Starting ChromeDriver 72.0.3626.7 (efcef9a3ecda02b2132af215116a03852d08b9cb) on port 10204
Only local connections are allowed.
Eyl 02, 2021 6:22:37 ÖS org.openqa.selenium.remote.ProtocolHandshake createSession
INFO: Detected dialect: OSS
]]></system-err>
  </testcase>
  <testcase name="confirmContracts" classname="com.tuttur.test.LoginTest" time="19.388">
    <system-out><![CDATA[chrome
]]></system-out>
    <system-err><![CDATA[Starting ChromeDriver 72.0.3626.7 (efcef9a3ecda02b2132af215116a03852d08b9cb) on port 19314
Only local connections are allowed.
Eyl 02, 2021 6:22:43 ÖS org.openqa.selenium.remote.ProtocolHandshake createSession
INFO: Detected dialect: OSS
org.postgresql.util.PSQLException: Sorgudan hiç bir sonuç dönmedi.
	at org.postgresql.jdbc2.AbstractJdbc2Statement.executeQuery(AbstractJdbc2Statement.java:287)
	at com.tuttur.page.DbQueriesPage.executeQuery(DbQueriesPage.java:33)
	at com.tuttur.test.LoginTest.confirmContracts(LoginTest.java:228)
	at java.base/jdk.internal.reflect.NativeMethodAccessorImpl.invoke0(Native Method)
	at java.base/jdk.internal.reflect.NativeMethodAccessorImpl.invoke(NativeMethodAccessorImpl.java:64)
	at java.base/jdk.internal.reflect.DelegatingMethodAccessorImpl.invoke(DelegatingMethodAccessorImpl.java:43)
	at java.base/java.lang.reflect.Method.invoke(Method.java:564)
	at org.junit.runners.model.FrameworkMethod$1.runReflectiveCall(FrameworkMethod.java:50)
	at org.junit.internal.runners.model.ReflectiveCallable.run(ReflectiveCallable.java:12)
	at org.junit.runners.model.FrameworkMethod.invokeExplosively(FrameworkMethod.java:47)
	at org.junit.internal.runners.statements.InvokeMethod.evaluate(InvokeMethod.java:17)
	at org.junit.internal.runners.statements.RunBefores.evaluate(RunBefores.java:26)
	at org.junit.internal.runners.statements.RunAfters.evaluate(RunAfters.java:27)
	at org.junit.runners.ParentRunner.runLeaf(ParentRunner.java:325)
	at org.junit.runners.BlockJUnit4ClassRunner.runChild(BlockJUnit4ClassRunner.java:78)
	at org.junit.runners.BlockJUnit4ClassRunner.runChild(BlockJUnit4ClassRunner.java:57)
	at org.junit.runners.ParentRunner$3.run(ParentRunner.java:290)
	at org.junit.runners.ParentRunner$1.schedule(ParentRunner.java:71)
	at org.junit.runners.ParentRunner.runChildren(ParentRunner.java:288)
	at org.junit.runners.ParentRunner.access$000(ParentRunner.java:58)
	at org.junit.runners.ParentRunner$2.evaluate(ParentRunner.java:268)
	at org.junit.runners.ParentRunner.run(ParentRunner.java:363)
	at org.apache.maven.surefire.junit4.JUnit4Provider.execute(JUnit4Provider.java:364)
	at org.apache.maven.surefire.junit4.JUnit4Provider.executeWithRerun(JUnit4Provider.java:272)
	at org.apache.maven.surefire.junit4.JUnit4Provider.executeTestSet(JUnit4Provider.java:237)
	at org.apache.maven.surefire.junit4.JUnit4Provider.invoke(JUnit4Provider.java:158)
	at org.apache.maven.surefire.booter.ForkedBooter.runSuitesInProcess(ForkedBooter.java:428)
	at org.apache.maven.surefire.booter.ForkedBooter.execute(ForkedBooter.java:162)
	at org.apache.maven.surefire.booter.ForkedBooter.run(ForkedBooter.java:562)
	at org.apache.maven.surefire.booter.ForkedBooter.main(ForkedBooter.java:548)
]]></system-err>
  </testcase>
  <testcase name="unsuccessfullyLoginWithSsn" classname="com.tuttur.test.LoginTest" time="7.675">
    <system-out><![CDATA[chrome
]]></system-out>
    <system-err><![CDATA[Starting ChromeDriver 72.0.3626.7 (efcef9a3ecda02b2132af215116a03852d08b9cb) on port 13196
Only local connections are allowed.
Eyl 02, 2021 6:23:03 ÖS org.openqa.selenium.remote.ProtocolHandshake createSession
INFO: Detected dialect: OSS
]]></system-err>
  </testcase>
  <testcase name="successfulllyLoginWithSsn" classname="com.tuttur.test.LoginTest" time="37.521">
    <error message="Expected condition failed: waiting for presence of element located by: By.className: headerTop-userMenu-userNameText (tried for 2 second(s) with 1000 milliseconds interval)" type="org.openqa.selenium.TimeoutException"><![CDATA[org.openqa.selenium.TimeoutException: Expected condition failed: waiting for presence of element located by: By.className: headerTop-userMenu-userNameText (tried for 2 second(s) with 1000 milliseconds interval)
	at com.tuttur.test.LoginTest.successfulllyLoginWithSsn(LoginTest.java:71)
Caused by: org.openqa.selenium.NoSuchElementException: 
no such element: Unable to locate element: {"method":"class name","selector":"headerTop-userMenu-userNameText"}
  (Session info: chrome=92.0.4515.159)
  (Driver info: chromedriver=72.0.3626.7 (efcef9a3ecda02b2132af215116a03852d08b9cb),platform=Mac OS X 10.15.6 x86_64) (WARNING: The server did not provide any stacktrace information)
Command duration or timeout: 0 milliseconds
For documentation on this error, please visit: https://www.seleniumhq.org/exceptions/no_such_element.html
Build info: version: '3.141.59', revision: 'e82be7d358', time: '2018-11-14T08:17:03'
System info: host: 'Emre-MacBook-Pro.local', ip: 'fe80:0:0:0:1cda:8f29:7505:f9ba%en0', os.name: 'Mac OS X', os.arch: 'x86_64', os.version: '10.15.6', java.version: '15.0.1'
Driver info: org.openqa.selenium.firefox.FirefoxDriver
Capabilities {acceptInsecureCerts: true, acceptSslCerts: true, applicationCacheEnabled: false, browserConnectionEnabled: false, browserName: chrome, chrome: {chromedriverVersion: 72.0.3626.7 (efcef9a3ecda02..., userDataDir: /var/folders/1x/8x61f40j2n7...}, cssSelectorsEnabled: true, databaseEnabled: false, goog:chromeOptions: {debuggerAddress: localhost:52023}, handlesAlerts: true, hasTouchScreen: false, javascriptEnabled: true, locationContextEnabled: true, mobileEmulationEnabled: false, nativeEvents: true, networkConnectionEnabled: false, pageLoadStrategy: normal, platform: MAC, platformName: MAC, proxy: Proxy(), rotatable: false, setWindowRect: true, takesHeapSnapshot: true, takesScreenshot: true, timeouts: {implicit: 0, pageLoad: 300000, script: 30000}, unexpectedAlertBehaviour: ignore, unhandledPromptBehavior: ignore, version: 92.0.4515.159, webStorageEnabled: true}
Session ID: c3ebd65b4a16f104c9055b9e11318265
*** Element info: {Using=class name, value=headerTop-userMenu-userNameText}
	at com.tuttur.test.LoginTest.successfulllyLoginWithSsn(LoginTest.java:71)
]]></error>
    <system-out><![CDATA[chrome
]]></system-out>
    <system-err><![CDATA[Starting ChromeDriver 72.0.3626.7 (efcef9a3ecda02b2132af215116a03852d08b9cb) on port 21858
Only local connections are allowed.
Eyl 02, 2021 6:23:11 ÖS org.openqa.selenium.remote.ProtocolHandshake createSession
INFO: Detected dialect: OSS
]]></system-err>
  </testcase>
  <testcase name="unsuccessfullyLoginWithAccountNo" classname="com.tuttur.test.LoginTest" time="6.241">
    <system-out><![CDATA[chrome
]]></system-out>
    <system-err><![CDATA[Starting ChromeDriver 72.0.3626.7 (efcef9a3ecda02b2132af215116a03852d08b9cb) on port 44212
Only local connections are allowed.
Eyl 02, 2021 6:23:48 ÖS org.openqa.selenium.remote.ProtocolHandshake createSession
INFO: Detected dialect: OSS
]]></system-err>
  </testcase>
  <testcase name="unsuccessfullyLoginWithUsername" classname="com.tuttur.test.LoginTest" time="5.225">
    <system-out><![CDATA[chrome
]]></system-out>
    <system-err><![CDATA[Starting ChromeDriver 72.0.3626.7 (efcef9a3ecda02b2132af215116a03852d08b9cb) on port 10444
Only local connections are allowed.
Eyl 02, 2021 6:23:54 ÖS org.openqa.selenium.remote.ProtocolHandshake createSession
INFO: Detected dialect: OSS
]]></system-err>
  </testcase>
  <testcase name="confirmSingleContract" classname="com.tuttur.test.LoginTest" time="9.446">
    <system-out><![CDATA[chrome
]]></system-out>
    <system-err><![CDATA[Starting ChromeDriver 72.0.3626.7 (efcef9a3ecda02b2132af215116a03852d08b9cb) on port 28656
Only local connections are allowed.
Eyl 02, 2021 6:23:59 ÖS org.openqa.selenium.remote.ProtocolHandshake createSession
INFO: Detected dialect: OSS
org.postgresql.util.PSQLException: Sorgudan hiç bir sonuç dönmedi.
	at org.postgresql.jdbc2.AbstractJdbc2Statement.executeQuery(AbstractJdbc2Statement.java:287)
	at com.tuttur.page.DbQueriesPage.executeQuery(DbQueriesPage.java:33)
	at com.tuttur.test.LoginTest.confirmSingleContract(LoginTest.java:243)
	at java.base/jdk.internal.reflect.NativeMethodAccessorImpl.invoke0(Native Method)
	at java.base/jdk.internal.reflect.NativeMethodAccessorImpl.invoke(NativeMethodAccessorImpl.java:64)
	at java.base/jdk.internal.reflect.DelegatingMethodAccessorImpl.invoke(DelegatingMethodAccessorImpl.java:43)
	at java.base/java.lang.reflect.Method.invoke(Method.java:564)
	at org.junit.runners.model.FrameworkMethod$1.runReflectiveCall(FrameworkMethod.java:50)
	at org.junit.internal.runners.model.ReflectiveCallable.run(ReflectiveCallable.java:12)
	at org.junit.runners.model.FrameworkMethod.invokeExplosively(FrameworkMethod.java:47)
	at org.junit.internal.runners.statements.InvokeMethod.evaluate(InvokeMethod.java:17)
	at org.junit.internal.runners.statements.RunBefores.evaluate(RunBefores.java:26)
	at org.junit.internal.runners.statements.RunAfters.evaluate(RunAfters.java:27)
	at org.junit.runners.ParentRunner.runLeaf(ParentRunner.java:325)
	at org.junit.runners.BlockJUnit4ClassRunner.runChild(BlockJUnit4ClassRunner.java:78)
	at org.junit.runners.BlockJUnit4ClassRunner.runChild(BlockJUnit4ClassRunner.java:57)
	at org.junit.runners.ParentRunner$3.run(ParentRunner.java:290)
	at org.junit.runners.ParentRunner$1.schedule(ParentRunner.java:71)
	at org.junit.runners.ParentRunner.runChildren(ParentRunner.java:288)
	at org.junit.runners.ParentRunner.access$000(ParentRunner.java:58)
	at org.junit.runners.ParentRunner$2.evaluate(ParentRunner.java:268)
	at org.junit.runners.ParentRunner.run(ParentRunner.java:363)
	at org.apache.maven.surefire.junit4.JUnit4Provider.execute(JUnit4Provider.java:364)
	at org.apache.maven.surefire.junit4.JUnit4Provider.executeWithRerun(JUnit4Provider.java:272)
	at org.apache.maven.surefire.junit4.JUnit4Provider.executeTestSet(JUnit4Provider.java:237)
	at org.apache.maven.surefire.junit4.JUnit4Provider.invoke(JUnit4Provider.java:158)
	at org.apache.maven.surefire.booter.ForkedBooter.runSuitesInProcess(ForkedBooter.java:428)
	at org.apache.maven.surefire.booter.ForkedBooter.execute(ForkedBooter.java:162)
	at org.apache.maven.surefire.booter.ForkedBooter.run(ForkedBooter.java:562)
	at org.apache.maven.surefire.booter.ForkedBooter.main(ForkedBooter.java:548)
]]></system-err>
  </testcase>
</testsuite>